[debug] [2026-03-08T17:51:06.710Z] ----------------------------------------------------------------------
[debug] [2026-03-08T17:51:06.714Z] Command:       C:\Program Files\nodejs\node_modules\node.exe C:\Users\harsh\AppData\Roaming\npm\node_modules\firebase-tools\lib\bin\firebase.js init
[debug] [2026-03-08T17:51:06.714Z] CLI Version:   15.9.0
[debug] [2026-03-08T17:51:06.715Z] Platform:      win32
[debug] [2026-03-08T17:51:06.715Z] Node Version:  v24.2.0
[debug] [2026-03-08T17:51:06.715Z] Time:          Sun Mar 08 2026 23:21:06 GMT+0530 (India Standard Time)
[debug] [2026-03-08T17:51:06.715Z] ----------------------------------------------------------------------
[debug] 
[info] 
     ######## #### ########  ######## ########     ###     ######  ########
     ##        ##  ##     ## ##       ##     ##  ##   ##  ##       ##
     ######    ##  ########  ######   ########  #########  ######  ######
     ##        ##  ##    ##  ##       ##     ## ##     ##       ## ##
     ##       #### ##     ## ######## ########  ##     ##  ######  ########

You're about to initialize a Firebase project in this directory:

  C:\Users\harsh\Downloads\collaborative-spreadsheet-app-main\collaborative-spreadsheet-app-main

[info] 
=== Project Setup
[info] 
[info] First, let's associate this project directory with a Firebase project.
[info] You can create multiple project aliases by running firebase use --add, 
[info] 
[debug] [2026-03-08T17:51:37.730Z] > command requires scopes: ["email","openid","https://www.googleapis.com/auth/cloudplatformprojects.readonly","https://www.googleapis.com/auth/firebase","https://www.googleapis.com/auth/cloud-platform"]
[debug] [2026-03-08T17:51:37.730Z] > authorizing via signed-in user (kumarsinghmanoj065@gmail.com)
[debug] [2026-03-08T17:51:37.733Z] Checked if tokens are valid: true, expires at: 1772995842079
[debug] [2026-03-08T17:51:37.733Z] Checked if tokens are valid: true, expires at: 1772995842079
[debug] [2026-03-08T17:51:37.735Z] >>> [apiv2][query] GET https://firebase.googleapis.com/v1beta1/projects pageSize=100
[debug] [2026-03-08T17:51:38.624Z] <<< [apiv2][status] GET https://firebase.googleapis.com/v1beta1/projects 200
[debug] [2026-03-08T17:51:38.624Z] <<< [apiv2][body] GET https://firebase.googleapis.com/v1beta1/projects [omitted]
[info] 
=== Hosting Setup
[debug] [2026-03-08T17:51:45.134Z] Checked if tokens are valid: true, expires at: 1772995842079
[debug] [2026-03-08T17:51:45.134Z] Checked if tokens are valid: true, expires at: 1772995842079
[debug] [2026-03-08T17:51:45.135Z] >>> [apiv2][query] GET https://firebase.googleapis.com/v1beta1/projects/collaborative-spreadshee-60f0e [none]
[debug] [2026-03-08T17:51:45.810Z] <<< [apiv2][status] GET https://firebase.googleapis.com/v1beta1/projects/collaborative-spreadshee-60f0e 200
[debug] [2026-03-08T17:51:45.810Z] <<< [apiv2][body] GET https://firebase.googleapis.com/v1beta1/projects/collaborative-spreadshee-60f0e {"projectId":"collaborative-spreadshee-60f0e","projectNumber":"613341919196","displayName":"Collaborative Spreadsheet","name":"projects/collaborative-spreadshee-60f0e","resources":{"hostingSite":"collaborative-spreadshee-60f0e"},"state":"ACTIVE","etag":"1_51a094be-fb64-46d0-a974-0ada1c885804"}
[info] 
[info] Your public directory is the folder (relative to your project directory) that
[info] will contain Hosting assets to be uploaded with firebase deploy. If you
[info] have a build process for your assets, use your build's output directory.
[info] 
[info] 
[info] i  Detected a .git folder at C:\Users\harsh 
[info] i  Authorizing with GitHub to upload your service account to a GitHub repository's secrets store. 
[info] 
[info] Visit this URL on this device to log in:
[info] https://github.com/login/oauth/authorize?client_id=89cf50f02ac6aaed3484&state=1058850527&redirect_uri=http%3A%2F%2Flocalhost%3A9005&scope=read%3Auser%20repo%20public_repo
[info] 
[info] Waiting for authentication...
